"gcc -I. -I/usr/lib/ruby/1.8/x86_64-linux -I.    -O2 -g -pipe -Wformat -Werror=format-security -Wp,-D_FORTIFY_SOURCE=2 -fstack-protector --param=ssp-buffer-size=4  -fPIC     -c conftest.c"
checked program was:
/* begin */
1: /*top*/
2: #ifndef __GNUC__
3: # error
4: >>>>>> __GNUC__ undefined <<<<<<
5: #endif
/* end */

have_func: checking for rb_define_alloc_func() in ruby.h... -------------------- yes

"gcc -o conftest -I. -I/usr/lib/ruby/1.8/x86_64-linux -I. -I/usr/lib/ruby/site_ruby/1.8/x86_64-linux  -I/usr/lib/ruby/vendor_ruby/1.8/x86_64-linux     -O2 -g -pipe -Wformat -Werror=format-security -Wp,-D_FORTIFY_SOURCE=2 -fstack-protector --param=ssp-buffer-size=4  -fPIC   -Wall conftest.c  -L. -L/usr/lib64 -L.  -Wl,--as-needed  -Wl,-z,relro -Wl,-O1 -Wl,--build-id -Wl,--enable-new-dtags -rdynamic -Wl,-export-dynamic     -lruby-static  -lpthread -lrt -ldl -lcrypt -lm   -lc"
conftest.c: In function ‘t’:
conftest.c:5:28: warning: variable ‘p’ set but not used [-Wunused-but-set-variable]
checked program was:
/* begin */
1: #include <ruby.h>
2: 
3: /*top*/
4: int main() { return 0; }
5: int t() { void ((*volatile p)()); p = (void ((*)()))rb_define_alloc_func; return 0; }
/* end */

--------------------

have_func: checking for rb_block_proc() in ruby.h... -------------------- yes

"gcc -o conftest -I. -I/usr/lib/ruby/1.8/x86_64-linux -I. -I/usr/lib/ruby/site_ruby/1.8/x86_64-linux  -I/usr/lib/ruby/vendor_ruby/1.8/x86_64-linux     -O2 -g -pipe -Wformat -Werror=format-security -Wp,-D_FORTIFY_SOURCE=2 -fstack-protector --param=ssp-buffer-size=4  -fPIC   -Wall conftest.c  -L. -L/usr/lib64 -L.  -Wl,--as-needed  -Wl,-z,relro -Wl,-O1 -Wl,--build-id -Wl,--enable-new-dtags -rdynamic -Wl,-export-dynamic     -lruby-static  -lpthread -lrt -ldl -lcrypt -lm   -lc"
conftest.c: In function ‘t’:
conftest.c:5:28: warning: variable ‘p’ set but not used [-Wunused-but-set-variable]
checked program was:
/* begin */
1: #include <ruby.h>
2: 
3: /*top*/
4: int main() { return 0; }
5: int t() { void ((*volatile p)()); p = (void ((*)()))rb_block_proc; return 0; }
/* end */

--------------------

"gcc -I. -I/usr/lib/ruby/1.8/x86_64-linux -I. -I/usr/lib/ruby/site_ruby/1.8/x86_64-linux  -I/usr/lib/ruby/vendor_ruby/1.8/x86_64-linux     -O2 -g -pipe -Wformat -Werror=format-security -Wp,-D_FORTIFY_SOURCE=2 -fstack-protector --param=ssp-buffer-size=4  -fPIC   -Wall   -c conftest.c"
checked program was:
/* begin */
1: #include "ruby.h"
2: #include "node.h"
3: int node_attrasgn = (int)NODE_ATTRASGN;
/* end */

have_package: checking for gtk+-2.0... -------------------- yes

--------------------

have_func: checking for gdk_pixbuf_set_option()... -------------------- yes

"gcc -o conftest -I. -I/usr/lib/ruby/1.8/x86_64-linux -I. -I/usr/lib/ruby/site_ruby/1.8/x86_64-linux  -I/usr/lib/ruby/vendor_ruby/1.8/x86_64-linux     -O2 -g -pipe -Wformat -Werror=format-security -Wp,-D_FORTIFY_SOURCE=2 -fstack-protector --param=ssp-buffer-size=4  -fPIC   -Wall -I/usr/include/gtk-2.0 -I/usr/include/pango-1.0 -I/usr/include/freetype2 -I/usr/include/glib-2.0 -I/usr/lib64/glib-2.0/include -I/usr/include/gdk-pixbuf-2.0 -I/usr/include/libpng15 -I/usr/include/cairo -I/usr/include/pixman-1 -I/usr/include/directfb -I/usr/include/atk-1.0 -I/usr/lib64/gtk-2.0/include -pthread -D_REENTRANT conftest.c  -L. -L/usr/lib64 -L.  -Wl,--as-needed  -Wl,-z,relro -Wl,-O1 -Wl,--build-id -Wl,--enable-new-dtags -rdynamic -Wl,-export-dynamic -pthread -Wl,--export-dynamic     -lgtk-x11-2.0 -lpangoft2-1.0 -lfontconfig -lfreetype -lpango-1.0 -lgmodule-2.0 -lrt -lglib-2.0 -lpcre -lgobject-2.0 -lgio-2.0 -lgdk_pixbuf-2.0 -lpng15 -lcairo -lpixman-1 -ldirectfb -lpthread -ldirect -lfusion -lXrender -lX11 -lxcb -lXau -lXdmcp -latk-1.0 -lgdk-x11-2.0 -lpangocairo-1.0 -lruby-static  -lgtk-x11-2.0 -lpangoft2-1.0 -lfontconfig -lfreetype -lpango-1.0 -lgmodule-2.0 -lrt -lglib-2.0 -lpcre -lgobject-2.0 -lgio-2.0 -lgdk_pixbuf-2.0 -lpng15 -lcairo -lpixman-1 -ldirectfb -lpthread -ldirect -lfusion -lXrender -lX11 -lxcb -lXau -lXdmcp -latk-1.0 -lgdk-x11-2.0 -lpangocairo-1.0 -lpthread -lrt -ldl -lcrypt -lm   -lc"
conftest.c: In function ‘t’:
conftest.c:3:53: error: ‘gdk_pixbuf_set_option’ undeclared (first use in this function)
conftest.c:3:53: note: each undeclared identifier is reported only once for each function it appears in
conftest.c:3:28: warning: variable ‘p’ set but not used [-Wunused-but-set-variable]
checked program was:
/* begin */
1: /*top*/
2: int main() { return 0; }
3: int t() { void ((*volatile p)()); p = (void ((*)()))gdk_pixbuf_set_option; return 0; }
/* end */

"gcc -o conftest -I. -I/usr/lib/ruby/1.8/x86_64-linux -I. -I/usr/lib/ruby/site_ruby/1.8/x86_64-linux  -I/usr/lib/ruby/vendor_ruby/1.8/x86_64-linux     -O2 -g -pipe -Wformat -Werror=format-security -Wp,-D_FORTIFY_SOURCE=2 -fstack-protector --param=ssp-buffer-size=4  -fPIC   -Wall -I/usr/include/gtk-2.0 -I/usr/include/pango-1.0 -I/usr/include/freetype2 -I/usr/include/glib-2.0 -I/usr/lib64/glib-2.0/include -I/usr/include/gdk-pixbuf-2.0 -I/usr/include/libpng15 -I/usr/include/cairo -I/usr/include/pixman-1 -I/usr/include/directfb -I/usr/include/atk-1.0 -I/usr/lib64/gtk-2.0/include -pthread -D_REENTRANT conftest.c  -L. -L/usr/lib64 -L.  -Wl,--as-needed  -Wl,-z,relro -Wl,-O1 -Wl,--build-id -Wl,--enable-new-dtags -rdynamic -Wl,-export-dynamic -pthread -Wl,--export-dynamic     -lgtk-x11-2.0 -lpangoft2-1.0 -lfontconfig -lfreetype -lpango-1.0 -lgmodule-2.0 -lrt -lglib-2.0 -lpcre -lgobject-2.0 -lgio-2.0 -lgdk_pixbuf-2.0 -lpng15 -lcairo -lpixman-1 -ldirectfb -lpthread -ldirect -lfusion -lXrender -lX11 -lxcb -lXau -lXdmcp -latk-1.0 -lgdk-x11-2.0 -lpangocairo-1.0 -lruby-static  -lgtk-x11-2.0 -lpangoft2-1.0 -lfontconfig -lfreetype -lpango-1.0 -lgmodule-2.0 -lrt -lglib-2.0 -lpcre -lgobject-2.0 -lgio-2.0 -lgdk_pixbuf-2.0 -lpng15 -lcairo -lpixman-1 -ldirectfb -lpthread -ldirect -lfusion -lXrender -lX11 -lxcb -lXau -lXdmcp -latk-1.0 -lgdk-x11-2.0 -lpangocairo-1.0 -lpthread -lrt -ldl -lcrypt -lm   -lc"
conftest.c: In function ‘t’:
conftest.c:3:1: warning: implicit declaration of function ‘gdk_pixbuf_set_option’ [-Wimplicit-function-declaration]
checked program was:
/* begin */
1: /*top*/
2: int main() { return 0; }
3: int t() { gdk_pixbuf_set_option(); return 0; }
/* end */

--------------------

have_header: checking for gdk-pixbuf/gdk-pixbuf-io.h... -------------------- yes

"gcc -E -I. -I/usr/lib/ruby/1.8/x86_64-linux -I. -I/usr/lib/ruby/site_ruby/1.8/x86_64-linux  -I/usr/lib/ruby/vendor_ruby/1.8/x86_64-linux     -O2 -g -pipe -Wformat -Werror=format-security -Wp,-D_FORTIFY_SOURCE=2 -fstack-protector --param=ssp-buffer-size=4  -fPIC   -Wall -I/usr/include/gtk-2.0 -I/usr/include/pango-1.0 -I/usr/include/freetype2 -I/usr/include/glib-2.0 -I/usr/lib64/glib-2.0/include -I/usr/include/gdk-pixbuf-2.0 -I/usr/include/libpng15 -I/usr/include/cairo -I/usr/include/pixman-1 -I/usr/include/directfb -I/usr/include/atk-1.0 -I/usr/lib64/gtk-2.0/include -pthread -D_REENTRANT  conftest.c -o conftest.i"
checked program was:
/* begin */
1: #include <gdk-pixbuf/gdk-pixbuf-io.h>
/* end */

--------------------

have_package: checking for exiv2... -------------------- yes

--------------------

setup_win32: checking for Win32 OS... -------------------- no

--------------------

